<?xml version="1.0" encoding="UTF-8" ?>
<!DOCTYPE bulletml SYSTEM "bulletml.dtd">
<bulletml type="vertical">
    <action label="top">
        <fire>
            <direction type="absolute">180</direction>
            <bulletRef label="basic"/>
        </fire>
    </action>
    <bullet label="basic">
        <speed>1</speed>
        <color red="0" blue="180" green="240"/>
    </bullet>
</bulletml>